2024-09-25 14:28:26.534  INFO 39985 --- [restartedMain] com.jbk.ClassWatchApplication            : Starting ClassWatchApplication using Java 21.0.1 on Omkars-MacBook-Air.local with PID 39985 (/Users/omkaradhikraosurve/Desktop/Omkar/JBK/Advance Java Projects/ClassCheck/target/classes started by omkaradhikraosurve in /Users/omkaradhikraosurve/Desktop/Omkar/JBK/Advance Java Projects/ClassCheck)
2024-09-25 14:28:26.539  INFO 39985 --- [restartedMain] com.jbk.ClassWatchApplication            : No active profile set, falling back to default profiles: default
2024-09-25 14:28:26.566  INFO 39985 --- [restartedMain] .e.DevToolsPropertyDefaultsPostProcessor : Devtools property defaults active! Set 'spring.devtools.add-properties' to 'false' to disable
2024-09-25 14:28:26.566  INFO 39985 --- [restartedMain] .e.DevToolsPropertyDefaultsPostProcessor : For additional web related logging consider setting the 'logging.level.web' property to 'DEBUG'
2024-09-25 14:28:26.841  INFO 39985 --- [restartedMain] .s.d.r.c.RepositoryConfigurationDelegate : Bootstrapping Spring Data JPA repositories in DEFAULT mode.
2024-09-25 14:28:26.849  INFO 39985 --- [restartedMain] .s.d.r.c.RepositoryConfigurationDelegate : Finished Spring Data repository scanning in 3 ms. Found 0 JPA repository interfaces.
2024-09-25 14:28:27.224  INFO 39985 --- [restartedMain] o.s.b.w.embedded.tomcat.TomcatWebServer  : Tomcat initialized with port(s): 8080 (http)
2024-09-25 14:28:27.229  INFO 39985 --- [restartedMain] o.apache.catalina.core.StandardService   : Starting service [Tomcat]
2024-09-25 14:28:27.229  INFO 39985 --- [restartedMain] org.apache.catalina.core.StandardEngine  : Starting Servlet engine: [Apache Tomcat/9.0.54]
2024-09-25 14:28:27.257  INFO 39985 --- [restartedMain] o.a.c.c.C.[Tomcat].[localhost].[/]       : Initializing Spring embedded WebApplicationContext
2024-09-25 14:28:27.257  INFO 39985 --- [restartedMain] w.s.c.ServletWebServerApplicationContext : Root WebApplicationContext: initialization completed in 691 ms
2024-09-25 14:28:27.363  INFO 39985 --- [restartedMain] o.hibernate.jpa.internal.util.LogHelper  : HHH000204: Processing PersistenceUnitInfo [name: default]
2024-09-25 14:28:27.389  INFO 39985 --- [restartedMain] org.hibernate.Version                    : HHH000412: Hibernate ORM core version 5.4.32.Final
2024-09-25 14:28:27.446  INFO 39985 --- [restartedMain] o.hibernate.annotations.common.Version   : HCANN000001: Hibernate Commons Annotations {5.1.2.Final}
2024-09-25 14:28:27.485  INFO 39985 --- [restartedMain] com.zaxxer.hikari.HikariDataSource       : HikariPool-1 - Starting...
2024-09-25 14:28:27.753  INFO 39985 --- [restartedMain] com.zaxxer.hikari.HikariDataSource       : HikariPool-1 - Start completed.
2024-09-25 14:28:27.761  INFO 39985 --- [restartedMain] org.hibernate.dialect.Dialect            : HHH000400: Using dialect: org.hibernate.dialect.MySQL8Dialect
2024-09-25 14:28:28.105  INFO 39985 --- [restartedMain] o.h.e.t.j.p.i.JtaPlatformInitiator       : HHH000490: Using JtaPlatform implementation: [org.hibernate.engine.transaction.jta.platform.internal.NoJtaPlatform]
2024-09-25 14:28:28.109  INFO 39985 --- [restartedMain] j.LocalContainerEntityManagerFactoryBean : Initialized JPA EntityManagerFactory for persistence unit 'default'
2024-09-25 14:28:28.187  WARN 39985 --- [restartedMain] JpaBaseConfiguration$JpaWebConfiguration : spring.jpa.open-in-view is enabled by default. Therefore, database queries may be performed during view rendering. Explicitly configure spring.jpa.open-in-view to disable this warning
2024-09-25 14:28:28.429  INFO 39985 --- [restartedMain] o.s.b.d.a.OptionalLiveReloadServer       : LiveReload server is running on port 35729
2024-09-25 14:28:28.443  INFO 39985 --- [restartedMain] o.s.b.w.embedded.tomcat.TomcatWebServer  : Tomcat started on port(s): 8080 (http) with context path ''
2024-09-25 14:28:28.448  INFO 39985 --- [restartedMain] com.jbk.ClassWatchApplication            : Started ClassWatchApplication in 2.099 seconds (JVM running for 2.398)
2024-09-25 14:28:28.449  INFO 39985 --- [restartedMain] com.jbk.ClassWatchApplication            : App Started
2024-09-25 14:28:37.752  INFO 39985 --- [SpringApplicationShutdownHook] j.LocalContainerEntityManagerFactoryBean : Closing JPA EntityManagerFactory for persistence unit 'default'
2024-09-25 14:28:37.755  INFO 39985 --- [SpringApplicationShutdownHook] com.zaxxer.hikari.HikariDataSource       : HikariPool-1 - Shutdown initiated...
2024-09-25 14:28:37.760  INFO 39985 --- [SpringApplicationShutdownHook] com.zaxxer.hikari.HikariDataSource       : HikariPool-1 - Shutdown completed.
